<?xml version="1.0" encoding="UTF-8"?>
<!-- Generated by org.testng.reporters.JUnitReportReporter -->
<testsuite skipped="0" hostname="P2B-6C78NK2" name="com.accenture.tests.Login" tests="1" failures="0" timestamp="09 Sep 2018 07:20:47 GMT" time="6.256" errors="0">
  <testcase name="testLogin" time="6.256" classname="com.accenture.tests.Login"/>
</testsuite> <!-- com.accenture.tests.Login -->
