<?xml version="1.0" encoding="UTF-8"?>
<!-- Generated by org.testng.reporters.JUnitReportReporter -->
<testsuite skipped="0" hostname="P2B-6C78NK2" name="ScreenShot" tests="1" failures="0" timestamp="08 Sep 2018 07:10:07 GMT" time="5.776" errors="0">
  <testcase name="TakeScreenshot" time="5.776" classname="ScreenShot"/>
</testsuite> <!-- ScreenShot -->
