<?xml version="1.0" encoding="UTF-8"?>
<!-- Generated by org.testng.reporters.JUnitReportReporter -->
<testsuite skipped="1" hostname="P2B-6C78NK2" name="RobotDemo" tests="2" failures="0" timestamp="08 Sep 2018 06:54:47 GMT" time="6.443" errors="0">
  <testcase name="Robotfileupload" time="6.443" classname="RobotDemo"/>
  <testcase name="demoRobot" classname="RobotDemo">
    <skipped/>
  </testcase> <!-- demoRobot -->
</testsuite> <!-- RobotDemo -->
