<?xml version="1.0" encoding="UTF-8"?>
<!-- Generated by org.testng.reporters.JUnitReportReporter -->
<testsuite skipped="0" hostname="P2B-6C78NK2" name="Cookies" tests="1" failures="0" timestamp="08 Sep 2018 07:35:16 GMT" time="11.968" errors="0">
  <testcase name="Cookie1" time="11.968" classname="Cookies"/>
</testsuite> <!-- Cookies -->
