<?xml version="1.0" encoding="UTF-8"?>
<!-- Generated by org.testng.reporters.JUnitReportReporter -->
<testsuite skipped="0" hostname="P2B-6C78NK2" name="Demo01" tests="1" failures="0" timestamp="08 Sep 2018 06:10:44 GMT" time="12.308" errors="0">
  <testcase name="demoTest" time="12.308" classname="Demo01"/>
</testsuite> <!-- Demo01 -->
